<?xml version="1.0" encoding="UTF-8"?>
<!-- Generated by org.testng.reporters.JUnitReportReporter -->
<testsuite hostname="mypcpc" failures="0" tests="1" name="testCases.TC002LoginTest" time="1.834" errors="0" timestamp="2024-09-20T11:34:53 IST" skipped="0">
  <testcase classname="testCases.TC002LoginTest" name="verify_Login" time="1.834"/>
</testsuite> <!-- testCases.TC002LoginTest -->
